
> synapse-hub@0.1.0 dev
> next dev

⚠ Warning: Next.js inferred your workspace root, but it may not be correct.
 We detected multiple lockfiles and selected the directory of /root/.openclaw/package-lock.json as the root directory.
 To silence this warning, set `turbopack.root` in your Next.js config, or consider removing one of the lockfiles if it's not needed.
   See https://nextjs.org/docs/app/api-reference/config/next-config-js/turbopack#root-directory for more information.
 Detected additional lockfiles: 
   * /root/.openclaw/workspace/synapse-hub/package-lock.json

▲ Next.js 16.1.6 (Turbopack)
- Local:         http://localhost:3000
- Network:       http://172.17.0.2:3000
- Environments: .env.local

✓ Starting...
✓ Ready in 839ms
Error: Requested and resolved page mismatch: /tasks//[id/]/page /tasks/[id/]/page
    at ignore-listed frames
⨯ unhandledRejection: Error: Requested and resolved page mismatch: /tasks//[id/]/page /tasks/[id/]/page
    at ignore-listed frames
⨯ unhandledRejection:  Error: Requested and resolved page mismatch: /tasks//[id/]/page /tasks/[id/]/page
    at ignore-listed frames
